WCCILdataSQLite(0), 2026.01.23 16:29:29.473, SYS,  INFO,        1, Manager Start, PROJ, CXDCS, V 3.19 - 3.19 P015 platform Linux x86_64 linked at Nov  4 2024 20:27:39 (d529474b86f)
WCCILdataSQLite(0), 2026.01.23 16:29:29.521, SYS,  INFO,        0, , Initialize archive smoothing
WCCILdataSQLite(0), 2026.01.23 16:29:29.521, SYS,  INFO,        0, , Loading DpIdentification
WCCILdataSQLite(0), 2026.01.23 16:29:29.522, SYS,  INFO,        0, , Initializing last value cache
WCCILdataSQLite(0), 2026.01.23 16:29:29.522, SYS,  INFO,        0, , Loading internal datapoints
WCCILdataSQLite(0), 2026.01.23 16:29:29.522, SYS,  INFO,        0, , Initializing Alert Class cache
WCCILdataSQLite(0), 2026.01.23 16:29:29.522, SYS,  INFO,        6, Initialization by Data Manager finished
WCCILdataSQLite(0), 2026.01.23 16:29:29.662, SYS,  INFO,        4, Connected to (SYS: 1411 Event -num 0 CONN: 1) @ localhost (::1)
WCCILdataSQLite(0), 2026.01.23 16:29:29.662, SYS,  INFO,        0, , Manager (SYS: 1411 Data -num 0 CONN: 1) initialised
WCCILdataSQLite(0), 2026.01.23 16:29:29.663, SYS,  INFO,        0, , Manager (SYS: 1411 Event -num 0 CONN: 1) initialised
WCCILdataSQLite(0), 2026.01.23 16:29:29.700, PARAM,WARNING,     7, Datapoint does not exist, UserTable, UserTable, _Users.UserId
WCCILdataSQLite(0), 2026.01.23 16:29:29.700, PARAM,WARNING,     7, Datapoint does not exist, ManagerTable, ManagerTable, _Managers.Auth.ManType
WCCILdataSQLite(0), 2026.01.23 16:29:29.722, SYS,  INFO,        4, Connected to (SYS: 1411 Driver -num 1 CONN: 1) @ localhost (::1)
WCCILdataSQLite(0), 2026.01.23 16:29:29.723, SYS,  INFO,        0, , Manager (SYS: 1411 Driver -num 1 CONN: 1) initialised
WCCILdataSQLite(0), 2026.01.23 16:29:29.754, SYS,  INFO,        4, Connected to (SYS: 1411 Ascii -num 1 CONN: 1) @ localhost (::1)
WCCILdataSQLite(0), 2026.01.23 16:29:29.754, SYS,  INFO,        0, , Manager (SYS: 1411 Ascii -num 1 CONN: 1) initialised
WCCILdataSQLite(0), 2026.01.23 16:29:29.756, SYS,  INFO,        0, , Manager (SYS: 1411 Ascii -num 1 CONN: 1) initialised
WCCILdataSQLite(0), 2026.01.23 16:29:29.948, SYS,  INFO,       39, Connection lost, MAN: (SYS: 1411 Ascii -num 1 CONN: 1), Connection closed
WCCILdataSQLite(0), 2026.01.23 16:29:29.970, SYS,  INFO,        4, Connected to (SYS: 1411 Ascii -num 1 CONN: 1) @ localhost (::1)
WCCILdataSQLite(0), 2026.01.23 16:29:29.973, SYS,  INFO,        0, , Manager (SYS: 1411 Ascii -num 1 CONN: 1) initialised
WCCILdataSQLite(0), 2026.01.23 16:29:29.977, SYS,  INFO,        0, , Manager (SYS: 1411 Ascii -num 1 CONN: 1) initialised
WCCILdataSQLite(0), 2026.01.23 16:29:30.235, SYS,  INFO,       39, Connection lost, MAN: (SYS: 1411 Ascii -num 1 CONN: 1), Connection closed
WCCILdataSQLite(0), 2026.01.23 16:29:30.259, SYS,  INFO,        4, Connected to (SYS: 1411 Ascii -num 1 CONN: 1) @ localhost (::1)
WCCILdataSQLite(0), 2026.01.23 16:29:30.262, SYS,  INFO,        0, , Manager (SYS: 1411 Ascii -num 1 CONN: 1) initialised
WCCILdataSQLite(0), 2026.01.23 16:29:30.266, SYS,  INFO,        0, , Manager (SYS: 1411 Ascii -num 1 CONN: 1) initialised
WCCILdataSQLite(0), 2026.01.23 16:29:30.770, SYS,  INFO,       39, Connection lost, MAN: (SYS: 1411 Ascii -num 1 CONN: 1), Connection closed
WCCILdataSQLite(0), 2026.01.23 16:29:30.793, SYS,  INFO,        4, Connected to (SYS: 1411 Ascii -num 1 CONN: 1) @ localhost (::1)
WCCILdataSQLite(0), 2026.01.23 16:29:30.795, SYS,  INFO,        0, , Manager (SYS: 1411 Ascii -num 1 CONN: 1) initialised
WCCILdataSQLite(0), 2026.01.23 16:29:30.799, SYS,  INFO,        0, , Manager (SYS: 1411 Ascii -num 1 CONN: 1) initialised
WCCILdataSQLite(0), 2026.01.23 16:29:30.863, SYS,  INFO,       39, Connection lost, MAN: (SYS: 1411 Ascii -num 1 CONN: 1), Connection closed
WCCILdataSQLite(0), 2026.01.23 16:29:30.886, SYS,  INFO,        4, Connected to (SYS: 1411 Ascii -num 1 CONN: 1) @ localhost (::1)
WCCILdataSQLite(0), 2026.01.23 16:29:30.889, SYS,  INFO,        0, , Manager (SYS: 1411 Ascii -num 1 CONN: 1) initialised
WCCILdataSQLite(0), 2026.01.23 16:29:30.891, SYS,  INFO,        0, , Manager (SYS: 1411 Ascii -num 1 CONN: 1) initialised
WCCILdataSQLite(0), 2026.01.23 16:29:30.898, SYS,  INFO,       39, Connection lost, MAN: (SYS: 1411 Ascii -num 1 CONN: 1), Connection closed
WCCILdataSQLite(0), 2026.01.23 16:29:30.921, SYS,  INFO,       39, Connection lost, MAN: (SYS: 1411 Driver -num 1 CONN: 1), Connection closed
WCCILdataSQLite(0), 2026.01.23 16:29:31.902, SYS,  INFO,       39, Connection lost, MAN: (SYS: 1411 Event -num 0 CONN: 1), Connection closed
WCCILdataSQLite(0), 2026.01.23 16:29:32.901, SYS,  INFO,        2, Manager Stop, received signal 15, exiting
WCCILdataSQLite(0), 2026.01.23 16:29:32.902, SYS,  INFO,        0, , Closing databases
WCCILdataSQLite(0), 2026.01.23 16:29:32.903, SYS,  INFO,        2, Manager Stop
