2026.01.26 14:52:41.443["System Name: CXDCS: System Number: 1411 - FwFsm: version is 3503"]
["DU added: CODEXB_VTHETA_ConfDB ->>>> to domain: CODEXB_VTHETA"]
2026.01.28 05:57:18.528["INFO : LVChannelConfDBInitializer -> Step 1 -> END"]
2026.01.28 05:57:38.400["INFO : LVChannelConfDBInitializer -> Step 2 -> Save Properties created!!"]
2026.01.28 05:57:38.422["INFO : LVChannelConfDBInitializer -> Step 2 -> All DU's for node CODEXB_VTHETA included!!"]
2026.01.28 05:57:38.422["INFO : LVChannelConfDBInitializer -> Step 2 -> All DU DPE's for node CODEXB_VTHETA included!!"]
2026.01.28 05:57:38.608["INFO : LVChannelConfDBInitializer -> Step 2 -> Standard Recipes created!!"]
2026.01.28 05:57:38.608["INFO : LVChannelConfDBInitializer -> Step 2 -> END"]
["DU added: CODEXB_VTHPHI_ConfDB ->>>> to domain: CODEXB_VTHPHI"]
2026.01.28 05:57:50.512["INFO : LVChannelConfDBInitializer -> Step 1 -> END"]
2026.01.28 05:57:51.817["INFO : LVChannelConfDBInitializer -> Step 2 -> Save Properties created!!"]
2026.01.28 05:57:51.836["INFO : LVChannelConfDBInitializer -> Step 2 -> All DU's for node CODEXB_VTHPHI included!!"]
2026.01.28 05:57:51.837["INFO : LVChannelConfDBInitializer -> Step 2 -> All DU DPE's for node CODEXB_VTHPHI included!!"]
2026.01.28 05:57:51.894["INFO : LVChannelConfDBInitializer -> Step 2 -> Standard Recipes created!!"]
2026.01.28 05:57:51.894["INFO : LVChannelConfDBInitializer -> Step 2 -> END"]
["DU added: CODEXB_VANALOG_ConfDB ->>>> to domain: CODEXB_VANALOG"]
2026.01.28 05:58:13.347["INFO : LVChannelConfDBInitializer -> Step 1 -> END"]
2026.01.28 05:58:15.903["INFO : LVChannelConfDBInitializer -> Step 2 -> Save Properties created!!"]
2026.01.28 05:58:15.920["INFO : LVChannelConfDBInitializer -> Step 2 -> All DU's for node CODEXB_VANALOG included!!"]
2026.01.28 05:58:15.921["INFO : LVChannelConfDBInitializer -> Step 2 -> All DU DPE's for node CODEXB_VANALOG included!!"]
2026.01.28 05:58:15.973["INFO : LVChannelConfDBInitializer -> Step 2 -> Standard Recipes created!!"]
2026.01.28 05:58:15.973["INFO : LVChannelConfDBInitializer -> Step 2 -> END"]
["DU added: CODEXB_VDIGITAL_ConfDB ->>>> to domain: CODEXB_VDIGITAL"]
2026.01.28 05:58:30.994["INFO : LVChannelConfDBInitializer -> Step 1 -> END"]
2026.01.28 05:58:35.036["INFO : LVChannelConfDBInitializer -> Step 2 -> Save Properties created!!"]
2026.01.28 05:58:35.054["INFO : LVChannelConfDBInitializer -> Step 2 -> All DU's for node CODEXB_VDIGITAL included!!"]
2026.01.28 05:58:35.054["INFO : LVChannelConfDBInitializer -> Step 2 -> All DU DPE's for node CODEXB_VDIGITAL included!!"]
2026.01.28 05:58:35.109["INFO : LVChannelConfDBInitializer -> Step 2 -> Standard Recipes created!!"]
2026.01.28 05:58:35.109["INFO : LVChannelConfDBInitializer -> Step 2 -> END"]
