2026.01.23 16:36:21.897["fwFsmSrv: Starting up"]
["Converting Reference Format to version 23"]
["Converting Tree to version 24"]
["Converting Base Type Storage"]
["Converting Enable Flags"]
["Converting LockedOut Flags"]
2026.01.23 16:36:21.902["System Name: CXDCS: System Number: 1411 - FwFsm: version is 3503"]
2026.01.23 16:36:21.903["fwFsmSrvr: detected new FSM version - Generating ALL"]
2026.01.23 16:36:21.903["fwFsmTree_generateAll: Generating Device Types..."]
["Fri 23 Jan 2026 04:36:21 PM CET fwFSMSrvr executing FwCreateObject - FwDevMajority"]
2026.01.23 16:36:21.914["Creating folder"]["/opt/winccoa_projects/CXDCS/smi_back"]
["Fri 23 Jan 2026 04:36:21 PM CET FwDevMajority - Object Type Created"]
["Fri 23 Jan 2026 04:36:22 PM CET fwFSMSrvr executing FwCreateObject - FwDevMode"]
["Fri 23 Jan 2026 04:36:22 PM CET FwDevMode - Object Type Created"]
["Fri 23 Jan 2026 04:36:22 PM CET fwFSMSrvr executing FwCreateObject - FwFSMConfDBDUT"]
["Fri 23 Jan 2026 04:36:22 PM CET FwFSMConfDBDUT - Object Type Created"]
2026.01.23 16:36:22.540["fwFsmTree_generateAll: Generating Object Types..."]
["Fri 23 Jan 2026 04:36:22 PM CET fwFSMSrvr executing FwCreateObject - FwChildMode"]
["Fri 23 Jan 2026 04:36:22 PM CET FwChildMode - Object Type Created"]
["Fri 23 Jan 2026 04:36:22 PM CET fwFSMSrvr executing FwCreateObject - FwChildrenMode"]
["Fri 23 Jan 2026 04:36:22 PM CET FwChildrenMode - Object Type Created"]
["Fri 23 Jan 2026 04:36:23 PM CET fwFSMSrvr executing FwCreateObject - FwMode"]
["Fri 23 Jan 2026 04:36:23 PM CET FwMode - Object Type Created"]
2026.01.23 16:36:23.311["fwFsmTree_generateAll: Generating Tree Nodes..."]
["Fri 23 Jan 2026 04:36:23 PM CET fwFsmSrvr - Generate ALL done!"]
2026.01.23 16:36:23.688["fwFsmSrv: Starting up"]
2026.01.23 16:36:23.690["System Name: CXDCS: System Number: 1411 - FwFsm: version is 3503"]
2026.01.23 16:39:40.680["fwFsmSrv: Starting up"]
2026.01.23 16:39:40.686["System Name: CXDCS: System Number: 1411 - FwFsm: version is 3503"]
["Fri 23 Jan 2026 04:39:49 PM CET fwFSMSrvr executing FwCreateObject - FwDevMajority"]
["Fri 23 Jan 2026 04:39:49 PM CET FwDevMajority - Object Type Created"]
["Fri 23 Jan 2026 04:39:50 PM CET fwFSMSrvr executing FwCreateObject - FwDevMode"]
["Fri 23 Jan 2026 04:39:50 PM CET FwDevMode - Object Type Created"]
["Fri 23 Jan 2026 04:39:50 PM CET fwFSMSrvr executing FwCreateObject - FwFSMConfDBDUT"]
["Fri 23 Jan 2026 04:39:50 PM CET FwFSMConfDBDUT - Object Type Created"]
["Fri 23 Jan 2026 04:39:50 PM CET fwFSMSrvr executing FwCreateObject - FwFSMConfDB_DAI"]
["Fri 23 Jan 2026 04:39:50 PM CET FwFSMConfDB_DAI - Object Type Created"]
["Fri 23 Jan 2026 04:39:50 PM CET fwFSMSrvr executing FwCreateObject - FwFSMConfDB_DAQ"]
["Fri 23 Jan 2026 04:39:50 PM CET FwFSMConfDB_DAQ - Object Type Created"]
["Fri 23 Jan 2026 04:39:51 PM CET fwFSMSrvr executing FwCreateObject - FwFSMConfDB_DCS"]
["Fri 23 Jan 2026 04:39:51 PM CET FwFSMConfDB_DCS - Object Type Created"]
["Fri 23 Jan 2026 04:39:51 PM CET fwFSMSrvr executing FwCreateObject - FwFSMConfDB_HV"]
["Fri 23 Jan 2026 04:39:51 PM CET FwFSMConfDB_HV - Object Type Created"]
["Fri 23 Jan 2026 04:39:51 PM CET fwFSMSrvr executing FwCreateObject - DAI_Domain_v1"]
["Fri 23 Jan 2026 04:39:51 PM CET DAI_Domain_v1 - Object Type Created"]
["Fri 23 Jan 2026 04:39:51 PM CET fwFSMSrvr executing FwCreateObject - DAQ_Domain_v1"]
["Fri 23 Jan 2026 04:39:51 PM CET DAQ_Domain_v1 - Object Type Created"]
["Fri 23 Jan 2026 04:39:52 PM CET fwFSMSrvr executing FwCreateObject - DCS_Domain_v1"]
["Fri 23 Jan 2026 04:39:52 PM CET DCS_Domain_v1 - Object Type Created"]
["Fri 23 Jan 2026 04:39:52 PM CET fwFSMSrvr executing FwCreateObject - FwChildMode"]
["Fri 23 Jan 2026 04:39:52 PM CET FwChildMode - Object Type Created"]
["Fri 23 Jan 2026 04:39:52 PM CET fwFSMSrvr executing FwCreateObject - FwChildrenMode"]
["Fri 23 Jan 2026 04:39:52 PM CET FwChildrenMode - Object Type Created"]
["Fri 23 Jan 2026 04:39:52 PM CET fwFSMSrvr executing FwCreateObject - FwMode"]
["Fri 23 Jan 2026 04:39:52 PM CET FwMode - Object Type Created"]
["Fri 23 Jan 2026 04:39:53 PM CET fwFSMSrvr executing FwCreateObject - HV_Domain_v1"]
["Fri 23 Jan 2026 04:39:53 PM CET HV_Domain_v1 - Object Type Created"]
["Fri 23 Jan 2026 04:39:53 PM CET fwFSMSrvr executing FwCreateObject - SAFETY_Domain"]
["Fri 23 Jan 2026 04:39:53 PM CET SAFETY_Domain - Object Type Created"]
