WCCOAsmi(10) - Sat Jan 24 17:53:56 2026
	PVSSSys1411:SMIHandler started
WCCOAsmi(10) - Sat Jan 24 17:55:00 2026
	Exiting... 
WCCOAsmi(10) - Sat Jan 24 17:58:50 2026
	PVSSSys1411:SMIHandler started
WCCOAsmi(10) - Mon Jan 26 09:31:24 2026
	Exiting... 
WCCOAsmi(10) - Mon Jan 26 14:31:41 2026
	PVSSSys1411:SMIHandler started
WCCOAsmi(10) - Mon Jan 26 14:53:19 2026
	Exiting... 
WCCOAsmi(10) - Mon Jan 26 14:53:23 2026
	PVSSSys1411:SMIHandler started
WCCOAsmi(10) - Mon Jan 26 14:55:12 2026
	PVSSSys1411:SMIHandler started
WCCOAsmi(10) - Mon Jan 26 15:23:55 2026
	PVSSSys1411:SMIHandler started
PID 173816 - Mon Jan 26 15:52:43 2026 - (ERROR) Writing (non-blocking) to 173118@cxdcs01.lbdaq.cern.ch: Connection reset by peer
WCCOAsmi(10) - Mon Jan 26 17:09:34 2026
	Exiting... 
WCCOAsmi(10) - Mon Jan 26 17:09:46 2026
	PVSSSys1411:SMIHandler started
WCCOAsmi(10) - Tue Jan 27 10:28:37 2026
	Exiting... 
WCCOAsmi(10) - Tue Jan 27 10:28:51 2026
	PVSSSys1411:SMIHandler started
WCCOAsmi(10) - Tue Jan 27 10:29:06 2026
	Exiting... 
WCCOAsmi(10) - Tue Jan 27 10:29:09 2026
	PVSSSys1411:SMIHandler started
WCCOAsmi(10) - Wed Jan 28 05:27:01 2026
	PVSSSys1411:SMIHandler started
WCCOAsmi(10) - Wed Jan 28 05:27:02 2026
	PVSSSys1411:SMIHandler started
PID 217045 - Wed Jan 28 05:47:06 2026 - (ERROR) Client Connecting to CODEXB_DCS_SMI@cxdcs01.lbdaq.cern.ch: Connection refused
WCCOAsmi(10) - Wed Jan 28 05:47:08 2026
	Exiting... 
WCCOAsmi(10) - Wed Jan 28 05:47:22 2026
	PVSSSys1411:SMIHandler started
WCCOAsmi(10) - Wed Jan 28 05:47:42 2026
	Exiting... 
WCCOAsmi(10) - Wed Jan 28 05:47:50 2026
	PVSSSys1411:SMIHandler started
WCCOAsmi(10) - Wed Jan 28 05:48:03 2026
	Exiting... 
WCCOAsmi(10) - Wed Jan 28 05:48:56 2026
	PVSSSys1411:SMIHandler started
WCCOAsmi(10) - Wed Jan 28 05:52:02 2026
	PVSSSys1411:SMIHandler started
WCCOAsmi(10) - Wed Jan 28 05:52:19 2026
	PVSSSys1411:SMIHandler started
WCCOAsmi(10) - Wed Jan 28 05:52:35 2026
	PVSSSys1411:SMIHandler started
WCCOAsmi(10) - Wed Jan 28 05:52:48 2026
	PVSSSys1411:SMIHandler started
WCCOAsmi(10) - Wed Jan 28 05:53:00 2026
	PVSSSys1411:SMIHandler started
WCCOAsmi(10) - Wed Jan 28 05:53:12 2026
	PVSSSys1411:SMIHandler started
