2026.01.24 17:53:56.985["System Name: CXDCS: System Number: 1411 - FwFsm: version is 3503"]
2026.01.24 17:53:57.996["Starting devices for: CODEXB_LV"]
2026.01.24 17:58:50.347["System Name: CXDCS: System Number: 1411 - FwFsm: version is 3503"]
2026.01.24 17:58:51.353["Starting devices for: CODEXB_LV"]
2026.01.26 14:56:53.751["System Name: CXDCS: System Number: 1411 - FwFsm: version is 3503"]
2026.01.26 14:56:54.759["Starting devices for: CODEXB_DCS"]
2026.01.26 15:52:43.288["Stopping devices for: CODEXB_DCS"]
2026.01.26 15:52:45.606["Starting devices for: CODEXB_DCS"]
2026.01.26 15:52:45.607["Starting devices for: CODEXB_PUP"]
["INFO: Initializing connection to recipe caches  for SMI++ Domain: CODEXB_PUP"]
["INFO: Configurator in FSM Domain: CODEXB_PUP loading mode: PHYSICS"]
["INFO: fwFSMConfDB_cacheAllRecipesForMode() -> Accessing internal caches to load all recipes."]
["INFO::Loading recipe: PHYSICS/Switch_ON for domain: CODEXB_PUP. Please wait..."]
2026.01.27 10:29:09.844["System Name: CXDCS: System Number: 1411 - FwFsm: version is 3503"]
2026.01.27 10:29:10.857["Starting devices for: CODEXB_DCS"]
2026.01.27 10:29:10.858["Starting devices for: CODEXB_PUP"]
["INFO: Initializing connection to recipe caches  for SMI++ Domain: CODEXB_PUP"]
["INFO: Initializing connection to recipe caches  for SMI++ Domain: CODEXB_DCS"]
2026.01.28 05:27:10.196["Stopping devices for: CODEXB_PUP"]
2026.01.28 06:01:39.200["System Name: CXDCS: System Number: 1411 - FwFsm: version is 3503"]
2026.01.28 06:01:40.209["Starting devices for: CODEXB_VANALOG"]
2026.01.28 06:01:40.211["Starting devices for: CODEXB_VDIGITAL"]
2026.01.28 06:01:40.212["Starting devices for: CODEXB_VSENSE"]
2026.01.28 06:01:40.213["Starting devices for: CODEXB_VTHETA"]
2026.01.28 06:01:40.215["Starting devices for: CODEXB_VTHPHI"]
["INFO: Initializing connection to recipe caches  for SMI++ Domain: CODEXB_VDIGITAL"]
["INFO: Initializing connection to recipe caches  for SMI++ Domain: CODEXB_VTHETA"]
["INFO: Initializing connection to recipe caches  for SMI++ Domain: CODEXB_VTHPHI"]
["INFO: Initializing connection to recipe caches  for SMI++ Domain: CODEXB_VANALOG"]
2026.01.28 06:01:41.214["Starting devices for: CODEXB_DCT_LV"]
["INFO: Configurator in FSM Domain: CODEXB_VTHETA loading mode: PHYSICS"]
["INFO: fwFSMConfDB_cacheAllRecipesForMode() -> Accessing internal caches to load all recipes."]
["INFO::Loading recipe: PHYSICS/Switch_ON for domain: CODEXB_VTHETA. Please wait..."]
