/usr/bin/chmod: changing permissions of '/group/cx/wincc319/fwComponents_CXDCS/bin/CtrlOOUtils.so': Operation not permitted
/usr/bin/chmod: changing permissions of '/group/cx/wincc319/fwComponents_CXDCS/bin/CtrlOOUtils.dll': Operation not permitted
/usr/bin/chmod: changing permissions of '/group/cx/wincc319/fwComponents_CXDCS/bin/CtrlJsonSerialization.so': Operation not permitted
/usr/bin/chmod: changing permissions of '/group/cx/wincc319/fwComponents_CXDCS/bin/CtrlJsonSerialization.dll': Operation not permitted
/usr/bin/chmod: changing permissions of '/group/cx/wincc319/fwComponents_CXDCS/bin/TabUtilEx.dll': Operation not permitted
/usr/bin/chmod: changing permissions of '/group/cx/wincc319/fwComponents_CXDCS/bin/TabUtilEx.so': Operation not permitted
["fwTrending: initialization script"]
["fwTrending: Detected fresh installation of fwTrending. Flagging post-install job to import DPs for runnning."]
/usr/bin/chmod: changing permissions of '/group/cx/wincc319/fwComponents_CXDCS/bin/WCCOAsmi': Operation not permitted
/usr/bin/chmod: changing permissions of '/group/cx/wincc319/fwComponents_CXDCS/bin/WCCOAsmi.exe': Operation not permitted
/usr/bin/chmod: changing permissions of '/group/cx/wincc319/fwComponents_CXDCS/bin/./fwFSM/smiTrans.exe': Operation not permitted
/usr/bin/chmod: changing permissions of '/group/cx/wincc319/fwComponents_CXDCS/bin/./fwFSM/Dns.exe': Operation not permitted
/usr/bin/chmod: changing permissions of '/group/cx/wincc319/fwComponents_CXDCS/bin/./fwFSM/dim.dll': Operation not permitted
/usr/bin/chmod: changing permissions of '/group/cx/wincc319/fwComponents_CXDCS/bin/./fwFSM/smiSM.exe': Operation not permitted
/usr/bin/chmod: changing permissions of '/group/cx/wincc319/fwComponents_CXDCS/bin/./fwFSM/smiuirtl.dll': Operation not permitted
/usr/bin/chmod: changing permissions of '/group/cx/wincc319/fwComponents_CXDCS/bin/./fwFSM/smirtl.dll': Operation not permitted
/usr/bin/chmod: changing permissions of '/group/cx/wincc319/fwComponents_CXDCS/bin/./fwFSM/dim_send_command.exe': Operation not permitted
/usr/bin/chmod: changing permissions of '/group/cx/wincc319/fwComponents_CXDCS/bin/./fwFSM/smi_send_command.exe': Operation not permitted
/usr/bin/chmod: changing permissions of '/group/cx/wincc319/fwComponents_CXDCS/bin/./fwFSM/did': Operation not permitted
/usr/bin/chmod: changing permissions of '/group/cx/wincc319/fwComponents_CXDCS/bin/./fwFSM/dim_send_command': Operation not permitted
/usr/bin/chmod: changing permissions of '/group/cx/wincc319/fwComponents_CXDCS/bin/./fwFSM/dns': Operation not permitted
/usr/bin/chmod: changing permissions of '/group/cx/wincc319/fwComponents_CXDCS/bin/./fwFSM/libdim.so': Operation not permitted
/usr/bin/chmod: changing permissions of '/group/cx/wincc319/fwComponents_CXDCS/bin/./fwFSM/libsmi.so': Operation not permitted
/usr/bin/chmod: changing permissions of '/group/cx/wincc319/fwComponents_CXDCS/bin/./fwFSM/libsmiui.so': Operation not permitted
/usr/bin/chmod: changing permissions of '/group/cx/wincc319/fwComponents_CXDCS/bin/./fwFSM/smiSM': Operation not permitted
/usr/bin/chmod: changing permissions of '/group/cx/wincc319/fwComponents_CXDCS/bin/./fwFSM/smiTrans': Operation not permitted
/usr/bin/chmod: changing permissions of '/group/cx/wincc319/fwComponents_CXDCS/bin/./fwFSM/smi_send_command': Operation not permitted
/usr/bin/chmod: changing permissions of '/group/cx/wincc319/fwComponents_CXDCS/bin/./fwFSM/WINDIFF.EXE': Operation not permitted
/usr/bin/chmod: changing permissions of '/group/cx/wincc319/fwComponents_CXDCS/bin/./fwFSM/GUTILS.DLL': Operation not permitted
/usr/bin/chmod: changing permissions of '/group/cx/wincc319/fwComponents_CXDCS/bin/./fwFSM/xwindiff': Operation not permitted
2026.01.23 16:35:58.524["fwCaen.preInit script: running script"]
2026.01.23 16:35:58.525["fwCaen.preinit script: created missing user defined type _FwCaenBoardSY1527A1676UserDefined"]
2026.01.23 16:35:58.526["fwCaen.preinit script: created missing user defined type _FwCaenBoardSY1527A1660UserDefined"]
2026.01.23 16:35:58.527["fwCaen.preinit script: created missing user defined type _FwCaenCrateEasyUserDefined"]
2026.01.23 16:35:58.528["fwCaen.preinit script: created missing user defined type _FwCaenBoardEasyUserDefined"]
2026.01.23 16:35:58.528["fwCaen.preinit script: created missing user defined type _FwCaenChannelADCUserDefined"]
2026.01.23 16:35:58.529["fwCaen.preinit script: created missing user defined type _FwCaenChannelDACUserDefined"]
2026.01.23 16:35:58.530["fwCaen.preinit script: created missing user defined type _FwCaenChannelUserDefined"]
2026.01.23 16:35:58.531["fwCaen.preinit script: created missing user defined type _FwCaenCrateSY1527UserDefined"]
2026.01.23 16:35:58.531["fwCaen.preinit script: created missing user defined type _FwCaenBoardSY1527UserDefined"]
2026.01.23 16:35:58.532["fwCaen.preinit script: created missing user defined type _FwCaenCrateVMEUserDefined"]
2026.01.23 16:35:58.533["fwCaen.preinit script: created missing user defined type _FwCaenChannelVMEUserDefined"]
2026.01.23 16:35:58.534["fwCaen.preinit script: created missing user defined type _FwCaenCrateNGPSUserDefined"]
2026.01.23 16:35:58.534["fwCaen.preinit script: script finished"]
/usr/bin/chmod: changing permissions of '/group/cx/wincc319/fwComponents_CXDCS/bin/CtrlLDAP.so': Operation not permitted
/usr/bin/chmod: changing permissions of '/group/cx/wincc319/fwComponents_CXDCS/bin/CtrlLDAP.dll': Operation not permitted
2026.01.23 16:36:19.905["System Name: CXDCS: System Number: 1411 - FwFsm: version is 3503"]
2026.01.23 16:38:09.538["System Name: CXDCS: System Number: 1411 - FwFsm: version is 3503"]
2026.01.23 16:39:40.701["System Name: CXDCS: System Number: 1411 - FwFsm: version is 3503"]
["Creating default ConfDB setup"]
2026.01.23 16:40:46.811["System Name: CXDCS: System Number: 1411 - FwFsm: version is 3503"]
